<?xml version="1.0" encoding="UTF-8"?>

<mule xmlns:ee="http://www.mulesoft.org/schema/mule/ee/core" xmlns:http="http://www.mulesoft.org/schema/mule/http"
	xmlns="http://www.mulesoft.org/schema/mule/core"
	xmlns:doc="http://www.mulesoft.org/schema/mule/documentation" xmlns:xsi="http://www.w3.org/2001/XMLSchema-instance" xsi:schemaLocation="http://www.mulesoft.org/schema/mule/core http://www.mulesoft.org/schema/mule/core/current/mule.xsd
http://www.mulesoft.org/schema/mule/http http://www.mulesoft.org/schema/mule/http/current/mule-http.xsd
http://www.mulesoft.org/schema/mule/ee/core http://www.mulesoft.org/schema/mule/ee/core/current/mule-ee.xsd">
	<http:listener-config name="HTTP_Listener_config" doc:name="HTTP Listener config" doc:id="744dde5c-9641-4a56-9dab-02401478d449" >
		<http:listener-connection host="0.0.0.0" port="8081" />
	</http:listener-config>
	<flow name="test-jenkinsFlow" doc:id="6c167ef0-4804-4437-9f16-925ccc331430" >
		<http:listener doc:name="Listener" doc:id="378466df-945c-41ae-ac8e-96cfe1215f31" config-ref="HTTP_Listener_config" path="/cicd"/>
		<ee:transform doc:name="Transform Message" doc:id="1af545ea-5756-4f18-9677-808d478d15c1" >
			<ee:message >
				<ee:set-payload ><![CDATA[%dw 2.0
output application/json
---
{
	"Message":"This is ci-cd test"
}]]></ee:set-payload>
			</ee:message>
		</ee:transform>
	</flow>
</mule>
